<?xml version="1.0" encoding="UTF-8"?>
<testsuite xmlns:xsi="http://www.w3.org/2001/XMLSchema-instance" xsi:noNamespaceSchemaLocation="https://maven.apache.org/surefire/maven-surefire-plugin/xsd/surefire-test-report.xsd" name="com.windcy.test.SpringbootMybatisplusApplicationTests" time="9.873" tests="1" errors="0" skipped="0" failures="0">
  <properties>
    <property name="sun.desktop" value="windows"/>
    <property name="awt.toolkit" value="sun.awt.windows.WToolkit"/>
    <property name="file.encoding.pkg" value="sun.io"/>
    <property name="java.specification.version" value="1.8"/>
    <property name="sun.cpu.isalist" value="amd64"/>
    <property name="sun.jnu.encoding" value="GBK"/>
    <property name="java.class.path" value="D:\code\mybatisplus\windy-smp\target\test-classes;D:\code\mybatisplus\windy-smp\target\classes;E:\maven\apache-maven-3.5.2\repository\org\springframework\boot\spring-boot-starter-web\2.1.18.RELEASE\spring-boot-starter-web-2.1.18.RELEASE.jar;E:\maven\apache-maven-3.5.2\repository\org\springframework\boot\spring-boot-starter\2.1.18.RELEASE\spring-boot-starter-2.1.18.RELEASE.jar;E:\maven\apache-maven-3.5.2\repository\org\springframework\boot\spring-boot\2.1.18.RELEASE\spring-boot-2.1.18.RELEASE.jar;E:\maven\apache-maven-3.5.2\repository\org\springframework\boot\spring-boot-starter-logging\2.1.18.RELEASE\spring-boot-starter-logging-2.1.18.RELEASE.jar;E:\maven\apache-maven-3.5.2\repository\ch\qos\logback\logback-classic\1.2.3\logback-classic-1.2.3.jar;E:\maven\apache-maven-3.5.2\repository\ch\qos\logback\logback-core\1.2.3\logback-core-1.2.3.jar;E:\maven\apache-maven-3.5.2\repository\org\apache\logging\log4j\log4j-to-slf4j\2.11.2\log4j-to-slf4j-2.11.2.jar;E:\maven\apache-maven-3.5.2\repository\org\apache\logging\log4j\log4j-api\2.11.2\log4j-api-2.11.2.jar;E:\maven\apache-maven-3.5.2\repository\org\slf4j\jul-to-slf4j\1.7.30\jul-to-slf4j-1.7.30.jar;E:\maven\apache-maven-3.5.2\repository\javax\annotation\javax.annotation-api\1.3.2\javax.annotation-api-1.3.2.jar;E:\maven\apache-maven-3.5.2\repository\org\yaml\snakeyaml\1.23\snakeyaml-1.23.jar;E:\maven\apache-maven-3.5.2\repository\org\springframework\boot\spring-boot-starter-json\2.1.18.RELEASE\spring-boot-starter-json-2.1.18.RELEASE.jar;E:\maven\apache-maven-3.5.2\repository\com\fasterxml\jackson\core\jackson-databind\2.9.10.6\jackson-databind-2.9.10.6.jar;E:\maven\apache-maven-3.5.2\repository\com\fasterxml\jackson\core\jackson-annotations\2.9.10\jackson-annotations-2.9.10.jar;E:\maven\apache-maven-3.5.2\repository\com\fasterxml\jackson\core\jackson-core\2.9.10\jackson-core-2.9.10.jar;E:\maven\apache-maven-3.5.2\repository\com\fasterxml\jackson\datatype\jackson-datatype-jdk8\2.9.10\jackson-datatype-jdk8-2.9.10.jar;E:\maven\apache-maven-3.5.2\repository\com\fasterxml\jackson\datatype\jackson-datatype-jsr310\2.9.10\jackson-datatype-jsr310-2.9.10.jar;E:\maven\apache-maven-3.5.2\repository\com\fasterxml\jackson\module\jackson-module-parameter-names\2.9.10\jackson-module-parameter-names-2.9.10.jar;E:\maven\apache-maven-3.5.2\repository\org\springframework\boot\spring-boot-starter-tomcat\2.1.18.RELEASE\spring-boot-starter-tomcat-2.1.18.RELEASE.jar;E:\maven\apache-maven-3.5.2\repository\org\apache\tomcat\embed\tomcat-embed-core\9.0.39\tomcat-embed-core-9.0.39.jar;E:\maven\apache-maven-3.5.2\repository\org\apache\tomcat\embed\tomcat-embed-el\9.0.39\tomcat-embed-el-9.0.39.jar;E:\maven\apache-maven-3.5.2\repository\org\apache\tomcat\embed\tomcat-embed-websocket\9.0.39\tomcat-embed-websocket-9.0.39.jar;E:\maven\apache-maven-3.5.2\repository\org\hibernate\validator\hibernate-validator\6.0.21.Final\hibernate-validator-6.0.21.Final.jar;E:\maven\apache-maven-3.5.2\repository\javax\validation\validation-api\2.0.1.Final\validation-api-2.0.1.Final.jar;E:\maven\apache-maven-3.5.2\repository\org\jboss\logging\jboss-logging\3.3.3.Final\jboss-logging-3.3.3.Final.jar;E:\maven\apache-maven-3.5.2\repository\com\fasterxml\classmate\1.4.0\classmate-1.4.0.jar;E:\maven\apache-maven-3.5.2\repository\org\springframework\spring-web\5.1.19.RELEASE\spring-web-5.1.19.RELEASE.jar;E:\maven\apache-maven-3.5.2\repository\org\springframework\spring-beans\5.1.19.RELEASE\spring-beans-5.1.19.RELEASE.jar;E:\maven\apache-maven-3.5.2\repository\org\springframework\spring-webmvc\5.1.19.RELEASE\spring-webmvc-5.1.19.RELEASE.jar;E:\maven\apache-maven-3.5.2\repository\org\springframework\spring-aop\5.1.19.RELEASE\spring-aop-5.1.19.RELEASE.jar;E:\maven\apache-maven-3.5.2\repository\org\springframework\spring-context\5.1.19.RELEASE\spring-context-5.1.19.RELEASE.jar;E:\maven\apache-maven-3.5.2\repository\org\springframework\spring-expression\5.1.19.RELEASE\spring-expression-5.1.19.RELEASE.jar;E:\maven\apache-maven-3.5.2\repository\org\springframework\boot\spring-boot-starter-test\2.1.18.RELEASE\spring-boot-starter-test-2.1.18.RELEASE.jar;E:\maven\apache-maven-3.5.2\repository\org\springframework\boot\spring-boot-test\2.1.18.RELEASE\spring-boot-test-2.1.18.RELEASE.jar;E:\maven\apache-maven-3.5.2\repository\org\springframework\boot\spring-boot-test-autoconfigure\2.1.18.RELEASE\spring-boot-test-autoconfigure-2.1.18.RELEASE.jar;E:\maven\apache-maven-3.5.2\repository\com\jayway\jsonpath\json-path\2.4.0\json-path-2.4.0.jar;E:\maven\apache-maven-3.5.2\repository\net\minidev\json-smart\2.3\json-smart-2.3.jar;E:\maven\apache-maven-3.5.2\repository\net\minidev\accessors-smart\1.2\accessors-smart-1.2.jar;E:\maven\apache-maven-3.5.2\repository\org\ow2\asm\asm\5.0.4\asm-5.0.4.jar;E:\maven\apache-maven-3.5.2\repository\org\slf4j\slf4j-api\1.7.30\slf4j-api-1.7.30.jar;E:\maven\apache-maven-3.5.2\repository\junit\junit\4.12\junit-4.12.jar;E:\maven\apache-maven-3.5.2\repository\org\assertj\assertj-core\3.11.1\assertj-core-3.11.1.jar;E:\maven\apache-maven-3.5.2\repository\org\mockito\mockito-core\2.23.4\mockito-core-2.23.4.jar;E:\maven\apache-maven-3.5.2\repository\net\bytebuddy\byte-buddy\1.9.16\byte-buddy-1.9.16.jar;E:\maven\apache-maven-3.5.2\repository\net\bytebuddy\byte-buddy-agent\1.9.16\byte-buddy-agent-1.9.16.jar;E:\maven\apache-maven-3.5.2\repository\org\objenesis\objenesis\2.6\objenesis-2.6.jar;E:\maven\apache-maven-3.5.2\repository\org\hamcrest\hamcrest-core\1.3\hamcrest-core-1.3.jar;E:\maven\apache-maven-3.5.2\repository\org\hamcrest\hamcrest-library\1.3\hamcrest-library-1.3.jar;E:\maven\apache-maven-3.5.2\repository\org\skyscreamer\jsonassert\1.5.0\jsonassert-1.5.0.jar;E:\maven\apache-maven-3.5.2\repository\com\vaadin\external\google\android-json\0.0.20131108.vaadin1\android-json-0.0.20131108.vaadin1.jar;E:\maven\apache-maven-3.5.2\repository\org\springframework\spring-core\5.1.19.RELEASE\spring-core-5.1.19.RELEASE.jar;E:\maven\apache-maven-3.5.2\repository\org\springframework\spring-jcl\5.1.19.RELEASE\spring-jcl-5.1.19.RELEASE.jar;E:\maven\apache-maven-3.5.2\repository\org\springframework\spring-test\5.1.19.RELEASE\spring-test-5.1.19.RELEASE.jar;E:\maven\apache-maven-3.5.2\repository\org\xmlunit\xmlunit-core\2.6.4\xmlunit-core-2.6.4.jar;E:\maven\apache-maven-3.5.2\repository\com\baomidou\mybatis-plus-boot-starter\3.2.0\mybatis-plus-boot-starter-3.2.0.jar;E:\maven\apache-maven-3.5.2\repository\com\baomidou\mybatis-plus\3.2.0\mybatis-plus-3.2.0.jar;E:\maven\apache-maven-3.5.2\repository\org\springframework\boot\spring-boot-autoconfigure\2.1.18.RELEASE\spring-boot-autoconfigure-2.1.18.RELEASE.jar;E:\maven\apache-maven-3.5.2\repository\org\springframework\boot\spring-boot-starter-jdbc\2.1.18.RELEASE\spring-boot-starter-jdbc-2.1.18.RELEASE.jar;E:\maven\apache-maven-3.5.2\repository\com\zaxxer\HikariCP\3.2.0\HikariCP-3.2.0.jar;E:\maven\apache-maven-3.5.2\repository\org\springframework\spring-jdbc\5.1.19.RELEASE\spring-jdbc-5.1.19.RELEASE.jar;E:\maven\apache-maven-3.5.2\repository\org\springframework\spring-tx\5.1.19.RELEASE\spring-tx-5.1.19.RELEASE.jar;E:\maven\apache-maven-3.5.2\repository\com\alibaba\druid\1.1.19\druid-1.1.19.jar;E:\maven\apache-maven-3.5.2\repository\mysql\mysql-connector-java\8.0.16\mysql-connector-java-8.0.16.jar;E:\maven\apache-maven-3.5.2\repository\org\projectlombok\lombok\1.18.16\lombok-1.18.16.jar;E:\maven\apache-maven-3.5.2\repository\com\baomidou\mybatis-plus-generator\3.2.0\mybatis-plus-generator-3.2.0.jar;E:\maven\apache-maven-3.5.2\repository\com\baomidou\mybatis-plus-extension\3.2.0\mybatis-plus-extension-3.2.0.jar;E:\maven\apache-maven-3.5.2\repository\com\baomidou\mybatis-plus-core\3.2.0\mybatis-plus-core-3.2.0.jar;E:\maven\apache-maven-3.5.2\repository\com\baomidou\mybatis-plus-annotation\3.2.0\mybatis-plus-annotation-3.2.0.jar;E:\maven\apache-maven-3.5.2\repository\com\github\jsqlparser\jsqlparser\2.1\jsqlparser-2.1.jar;E:\maven\apache-maven-3.5.2\repository\org\mybatis\mybatis\3.5.2\mybatis-3.5.2.jar;E:\maven\apache-maven-3.5.2\repository\org\mybatis\mybatis-spring\2.0.2\mybatis-spring-2.0.2.jar;E:\maven\apache-maven-3.5.2\repository\org\freemarker\freemarker\2.3.28\freemarker-2.3.28.jar;E:\maven\apache-maven-3.5.2\repository\com\alibaba\fastjson\1.2.47\fastjson-1.2.47.jar;"/>
    <property name="java.vm.vendor" value="Oracle Corporation"/>
    <property name="sun.arch.data.model" value="64"/>
    <property name="user.variant" value=""/>
    <property name="java.vendor.url" value="http://java.oracle.com/"/>
    <property name="user.timezone" value="Asia/Shanghai"/>
    <property name="java.vm.specification.version" value="1.8"/>
    <property name="os.name" value="Windows 10"/>
    <property name="user.country" value="CN"/>
    <property name="sun.java.launcher" value="SUN_STANDARD"/>
    <property name="sun.boot.library.path" value="C:\Program Files\Java\jdk1.8.0_211\jre\bin"/>
    <property name="sun.java.command" value="C:\Users\Shinelon\AppData\Local\Temp\surefire7048284769505217992\surefirebooter646814660312327678.jar C:\Users\Shinelon\AppData\Local\Temp\surefire7048284769505217992 2020-12-16T17-15-23_460-jvmRun1 surefire5635829833410131595tmp surefire_05947872430808613104tmp"/>
    <property name="surefire.test.class.path" value="D:\code\mybatisplus\windy-smp\target\test-classes;D:\code\mybatisplus\windy-smp\target\classes;E:\maven\apache-maven-3.5.2\repository\org\springframework\boot\spring-boot-starter-web\2.1.18.RELEASE\spring-boot-starter-web-2.1.18.RELEASE.jar;E:\maven\apache-maven-3.5.2\repository\org\springframework\boot\spring-boot-starter\2.1.18.RELEASE\spring-boot-starter-2.1.18.RELEASE.jar;E:\maven\apache-maven-3.5.2\repository\org\springframework\boot\spring-boot\2.1.18.RELEASE\spring-boot-2.1.18.RELEASE.jar;E:\maven\apache-maven-3.5.2\repository\org\springframework\boot\spring-boot-starter-logging\2.1.18.RELEASE\spring-boot-starter-logging-2.1.18.RELEASE.jar;E:\maven\apache-maven-3.5.2\repository\ch\qos\logback\logback-classic\1.2.3\logback-classic-1.2.3.jar;E:\maven\apache-maven-3.5.2\repository\ch\qos\logback\logback-core\1.2.3\logback-core-1.2.3.jar;E:\maven\apache-maven-3.5.2\repository\org\apache\logging\log4j\log4j-to-slf4j\2.11.2\log4j-to-slf4j-2.11.2.jar;E:\maven\apache-maven-3.5.2\repository\org\apache\logging\log4j\log4j-api\2.11.2\log4j-api-2.11.2.jar;E:\maven\apache-maven-3.5.2\repository\org\slf4j\jul-to-slf4j\1.7.30\jul-to-slf4j-1.7.30.jar;E:\maven\apache-maven-3.5.2\repository\javax\annotation\javax.annotation-api\1.3.2\javax.annotation-api-1.3.2.jar;E:\maven\apache-maven-3.5.2\repository\org\yaml\snakeyaml\1.23\snakeyaml-1.23.jar;E:\maven\apache-maven-3.5.2\repository\org\springframework\boot\spring-boot-starter-json\2.1.18.RELEASE\spring-boot-starter-json-2.1.18.RELEASE.jar;E:\maven\apache-maven-3.5.2\repository\com\fasterxml\jackson\core\jackson-databind\2.9.10.6\jackson-databind-2.9.10.6.jar;E:\maven\apache-maven-3.5.2\repository\com\fasterxml\jackson\core\jackson-annotations\2.9.10\jackson-annotations-2.9.10.jar;E:\maven\apache-maven-3.5.2\repository\com\fasterxml\jackson\core\jackson-core\2.9.10\jackson-core-2.9.10.jar;E:\maven\apache-maven-3.5.2\repository\com\fasterxml\jackson\datatype\jackson-datatype-jdk8\2.9.10\jackson-datatype-jdk8-2.9.10.jar;E:\maven\apache-maven-3.5.2\repository\com\fasterxml\jackson\datatype\jackson-datatype-jsr310\2.9.10\jackson-datatype-jsr310-2.9.10.jar;E:\maven\apache-maven-3.5.2\repository\com\fasterxml\jackson\module\jackson-module-parameter-names\2.9.10\jackson-module-parameter-names-2.9.10.jar;E:\maven\apache-maven-3.5.2\repository\org\springframework\boot\spring-boot-starter-tomcat\2.1.18.RELEASE\spring-boot-starter-tomcat-2.1.18.RELEASE.jar;E:\maven\apache-maven-3.5.2\repository\org\apache\tomcat\embed\tomcat-embed-core\9.0.39\tomcat-embed-core-9.0.39.jar;E:\maven\apache-maven-3.5.2\repository\org\apache\tomcat\embed\tomcat-embed-el\9.0.39\tomcat-embed-el-9.0.39.jar;E:\maven\apache-maven-3.5.2\repository\org\apache\tomcat\embed\tomcat-embed-websocket\9.0.39\tomcat-embed-websocket-9.0.39.jar;E:\maven\apache-maven-3.5.2\repository\org\hibernate\validator\hibernate-validator\6.0.21.Final\hibernate-validator-6.0.21.Final.jar;E:\maven\apache-maven-3.5.2\repository\javax\validation\validation-api\2.0.1.Final\validation-api-2.0.1.Final.jar;E:\maven\apache-maven-3.5.2\repository\org\jboss\logging\jboss-logging\3.3.3.Final\jboss-logging-3.3.3.Final.jar;E:\maven\apache-maven-3.5.2\repository\com\fasterxml\classmate\1.4.0\classmate-1.4.0.jar;E:\maven\apache-maven-3.5.2\repository\org\springframework\spring-web\5.1.19.RELEASE\spring-web-5.1.19.RELEASE.jar;E:\maven\apache-maven-3.5.2\repository\org\springframework\spring-beans\5.1.19.RELEASE\spring-beans-5.1.19.RELEASE.jar;E:\maven\apache-maven-3.5.2\repository\org\springframework\spring-webmvc\5.1.19.RELEASE\spring-webmvc-5.1.19.RELEASE.jar;E:\maven\apache-maven-3.5.2\repository\org\springframework\spring-aop\5.1.19.RELEASE\spring-aop-5.1.19.RELEASE.jar;E:\maven\apache-maven-3.5.2\repository\org\springframework\spring-context\5.1.19.RELEASE\spring-context-5.1.19.RELEASE.jar;E:\maven\apache-maven-3.5.2\repository\org\springframework\spring-expression\5.1.19.RELEASE\spring-expression-5.1.19.RELEASE.jar;E:\maven\apache-maven-3.5.2\repository\org\springframework\boot\spring-boot-starter-test\2.1.18.RELEASE\spring-boot-starter-test-2.1.18.RELEASE.jar;E:\maven\apache-maven-3.5.2\repository\org\springframework\boot\spring-boot-test\2.1.18.RELEASE\spring-boot-test-2.1.18.RELEASE.jar;E:\maven\apache-maven-3.5.2\repository\org\springframework\boot\spring-boot-test-autoconfigure\2.1.18.RELEASE\spring-boot-test-autoconfigure-2.1.18.RELEASE.jar;E:\maven\apache-maven-3.5.2\repository\com\jayway\jsonpath\json-path\2.4.0\json-path-2.4.0.jar;E:\maven\apache-maven-3.5.2\repository\net\minidev\json-smart\2.3\json-smart-2.3.jar;E:\maven\apache-maven-3.5.2\repository\net\minidev\accessors-smart\1.2\accessors-smart-1.2.jar;E:\maven\apache-maven-3.5.2\repository\org\ow2\asm\asm\5.0.4\asm-5.0.4.jar;E:\maven\apache-maven-3.5.2\repository\org\slf4j\slf4j-api\1.7.30\slf4j-api-1.7.30.jar;E:\maven\apache-maven-3.5.2\repository\junit\junit\4.12\junit-4.12.jar;E:\maven\apache-maven-3.5.2\repository\org\assertj\assertj-core\3.11.1\assertj-core-3.11.1.jar;E:\maven\apache-maven-3.5.2\repository\org\mockito\mockito-core\2.23.4\mockito-core-2.23.4.jar;E:\maven\apache-maven-3.5.2\repository\net\bytebuddy\byte-buddy\1.9.16\byte-buddy-1.9.16.jar;E:\maven\apache-maven-3.5.2\repository\net\bytebuddy\byte-buddy-agent\1.9.16\byte-buddy-agent-1.9.16.jar;E:\maven\apache-maven-3.5.2\repository\org\objenesis\objenesis\2.6\objenesis-2.6.jar;E:\maven\apache-maven-3.5.2\repository\org\hamcrest\hamcrest-core\1.3\hamcrest-core-1.3.jar;E:\maven\apache-maven-3.5.2\repository\org\hamcrest\hamcrest-library\1.3\hamcrest-library-1.3.jar;E:\maven\apache-maven-3.5.2\repository\org\skyscreamer\jsonassert\1.5.0\jsonassert-1.5.0.jar;E:\maven\apache-maven-3.5.2\repository\com\vaadin\external\google\android-json\0.0.20131108.vaadin1\android-json-0.0.20131108.vaadin1.jar;E:\maven\apache-maven-3.5.2\repository\org\springframework\spring-core\5.1.19.RELEASE\spring-core-5.1.19.RELEASE.jar;E:\maven\apache-maven-3.5.2\repository\org\springframework\spring-jcl\5.1.19.RELEASE\spring-jcl-5.1.19.RELEASE.jar;E:\maven\apache-maven-3.5.2\repository\org\springframework\spring-test\5.1.19.RELEASE\spring-test-5.1.19.RELEASE.jar;E:\maven\apache-maven-3.5.2\repository\org\xmlunit\xmlunit-core\2.6.4\xmlunit-core-2.6.4.jar;E:\maven\apache-maven-3.5.2\repository\com\baomidou\mybatis-plus-boot-starter\3.2.0\mybatis-plus-boot-starter-3.2.0.jar;E:\maven\apache-maven-3.5.2\repository\com\baomidou\mybatis-plus\3.2.0\mybatis-plus-3.2.0.jar;E:\maven\apache-maven-3.5.2\repository\org\springframework\boot\spring-boot-autoconfigure\2.1.18.RELEASE\spring-boot-autoconfigure-2.1.18.RELEASE.jar;E:\maven\apache-maven-3.5.2\repository\org\springframework\boot\spring-boot-starter-jdbc\2.1.18.RELEASE\spring-boot-starter-jdbc-2.1.18.RELEASE.jar;E:\maven\apache-maven-3.5.2\repository\com\zaxxer\HikariCP\3.2.0\HikariCP-3.2.0.jar;E:\maven\apache-maven-3.5.2\repository\org\springframework\spring-jdbc\5.1.19.RELEASE\spring-jdbc-5.1.19.RELEASE.jar;E:\maven\apache-maven-3.5.2\repository\org\springframework\spring-tx\5.1.19.RELEASE\spring-tx-5.1.19.RELEASE.jar;E:\maven\apache-maven-3.5.2\repository\com\alibaba\druid\1.1.19\druid-1.1.19.jar;E:\maven\apache-maven-3.5.2\repository\mysql\mysql-connector-java\8.0.16\mysql-connector-java-8.0.16.jar;E:\maven\apache-maven-3.5.2\repository\org\projectlombok\lombok\1.18.16\lombok-1.18.16.jar;E:\maven\apache-maven-3.5.2\repository\com\baomidou\mybatis-plus-generator\3.2.0\mybatis-plus-generator-3.2.0.jar;E:\maven\apache-maven-3.5.2\repository\com\baomidou\mybatis-plus-extension\3.2.0\mybatis-plus-extension-3.2.0.jar;E:\maven\apache-maven-3.5.2\repository\com\baomidou\mybatis-plus-core\3.2.0\mybatis-plus-core-3.2.0.jar;E:\maven\apache-maven-3.5.2\repository\com\baomidou\mybatis-plus-annotation\3.2.0\mybatis-plus-annotation-3.2.0.jar;E:\maven\apache-maven-3.5.2\repository\com\github\jsqlparser\jsqlparser\2.1\jsqlparser-2.1.jar;E:\maven\apache-maven-3.5.2\repository\org\mybatis\mybatis\3.5.2\mybatis-3.5.2.jar;E:\maven\apache-maven-3.5.2\repository\org\mybatis\mybatis-spring\2.0.2\mybatis-spring-2.0.2.jar;E:\maven\apache-maven-3.5.2\repository\org\freemarker\freemarker\2.3.28\freemarker-2.3.28.jar;E:\maven\apache-maven-3.5.2\repository\com\alibaba\fastjson\1.2.47\fastjson-1.2.47.jar;"/>
    <property name="sun.cpu.endian" value="little"/>
    <property name="user.home" value="C:\Users\Shinelon"/>
    <property name="user.language" value="zh"/>
    <property name="java.specification.vendor" value="Oracle Corporation"/>
    <property name="java.home" value="C:\Program Files\Java\jdk1.8.0_211\jre"/>
    <property name="basedir" value="D:\code\mybatisplus\windy-smp"/>
    <property name="file.separator" value="\"/>
    <property name="line.separator" value="&#10;"/>
    <property name="idea.version2019.2.4" value="true"/>
    <property name="java.vm.specification.vendor" value="Oracle Corporation"/>
    <property name="java.specification.name" value="Java Platform API Specification"/>
    <property name="java.awt.graphicsenv" value="sun.awt.Win32GraphicsEnvironment"/>
    <property name="surefire.real.class.path" value="C:\Users\Shinelon\AppData\Local\Temp\surefire7048284769505217992\surefirebooter646814660312327678.jar"/>
    <property name="sun.boot.class.path" value="C:\Program Files\Java\jdk1.8.0_211\jre\lib\resources.jar;C:\Program Files\Java\jdk1.8.0_211\jre\lib\rt.jar;C:\Program Files\Java\jdk1.8.0_211\jre\lib\sunrsasign.jar;C:\Program Files\Java\jdk1.8.0_211\jre\lib\jsse.jar;C:\Program Files\Java\jdk1.8.0_211\jre\lib\jce.jar;C:\Program Files\Java\jdk1.8.0_211\jre\lib\charsets.jar;C:\Program Files\Java\jdk1.8.0_211\jre\lib\jfr.jar;C:\Program Files\Java\jdk1.8.0_211\jre\classes"/>
    <property name="user.script" value=""/>
    <property name="sun.management.compiler" value="HotSpot 64-Bit Tiered Compilers"/>
    <property name="java.runtime.version" value="1.8.0_211-b12"/>
    <property name="user.name" value="Shinelon"/>
    <property name="path.separator" value=";"/>
    <property name="os.version" value="10.0"/>
    <property name="java.endorsed.dirs" value="C:\Program Files\Java\jdk1.8.0_211\jre\lib\endorsed"/>
    <property name="java.runtime.name" value="Java(TM) SE Runtime Environment"/>
    <property name="file.encoding" value="GBK"/>
    <property name="java.vm.name" value="Java HotSpot(TM) 64-Bit Server VM"/>
    <property name="localRepository" value="E:\maven\apache-maven-3.5.2\repository"/>
    <property name="java.vendor.url.bug" value="http://bugreport.sun.com/bugreport/"/>
    <property name="java.io.tmpdir" value="C:\Users\Shinelon\AppData\Local\Temp\"/>
    <property name="java.version" value="1.8.0_211"/>
    <property name="user.dir" value="D:\code\mybatisplus\windy-smp"/>
    <property name="os.arch" value="amd64"/>
    <property name="java.vm.specification.name" value="Java Virtual Machine Specification"/>
    <property name="java.awt.printerjob" value="sun.awt.windows.WPrinterJob"/>
    <property name="sun.os.patch.level" value=""/>
    <property name="java.library.path" value="C:\Program Files\Java\jdk1.8.0_211\jre\bin;C:\Windows\Sun\Java\bin;C:\Windows\system32;C:\Windows;C:\Program Files\Java\jdk1.8.0_211\jre\bin;C:\ProgramData\Oracle\Java\javapath;C:\Program Files\Java\jdk1.8.0_211\bin;C:\Program Files (x86)\Common Files\Oracle\Java\javapath;D:\oracel\oracleSetup\oraclesetup\product\11.2.0\dbhome_1\bin;C:\Program Files (x86)\Intel\iCLS Client\;C:\Program Files\Intel\iCLS Client\;C:\Windows\system32;C:\Windows;C:\Windows\System32\Wbem;C:\Windows\System32\WindowsPowerShell\v1.0\;C:\Program Files (x86)\Intel\Intel(R) Management Engine Components\DAL;C:\Program Files\Intel\Intel(R) Management Engine Components\DAL;C:\Program Files (x86)\Intel\Intel(R) Management Engine Components\IPT;C:\Program Files\Intel\Intel(R) Management Engine Components\IPT;C:\Program Files (x86)\NVIDIA Corporation\PhysX\Common;D:\mys;D:\mysql\setup\bin;%ERLANG_HOME%\bin;的软件\GIT\setup\Git\mingw64\bin;D:;安装的软件\GIT\setup\Git\usr\bin;C:\g;D:\git\setup\Git\cmd;E:\maven\apache-maven-3.5.2\bin;D:\安装的软件\GIT\TortoiseGit\setup\bin;D:\svn\setup\bin;C:\Program Files\Intel\WiFi\bin\;C:\Program Files\Common Files\Intel\WirelessCommon\;D:\gradle\gradle-6.5\bin;D:\ideaIU\setup1\IntelliJ IDEA 2019.2.4\plugins\maven;C:\Program Files (x86)\Yarn\bin\;D:\vagrant\setup\bin;D:\nvm\setup\nodejs\node_global\node_modules;D:\nvm\setup\nodejs\node_cache\node_modules\cnpm\bin;C:\Ruby26-x64\bin;C:\Users\Shinelon\AppData\Local\Microsoft\WindowsApps;C:\Users\Shinelon\AppData\Local\BypassRuntm;C:\Program Files\Intel\WiFi\bin\;C:\Program Files\Common Files\Intel\WirelessCommon\;D:\安装的软件\vscode\setup\Microsoft VS Code\bin;C:\Users\Shinelon\AppData\Local\Yarn\bin;D:\nvm\setup\nvm;D:\nvm\setup\nodejs;D:\nvm\setup\nvm\v12.13.0\node_global;."/>
    <property name="java.vm.info" value="mixed mode"/>
    <property name="java.vendor" value="Oracle Corporation"/>
    <property name="java.vm.version" value="25.211-b12"/>
    <property name="java.ext.dirs" value="C:\Program Files\Java\jdk1.8.0_211\jre\lib\ext;C:\Windows\Sun\Java\lib\ext"/>
    <property name="sun.io.unicode.encoding" value="UnicodeLittle"/>
    <property name="java.class.version" value="52.0"/>
  </properties>
  <testcase name="testFindAll" classname="com.windcy.test.SpringbootMybatisplusApplicationTests" time="1.001"/>
</testsuite>